-------------------------------------------------------------------------------
Test set: fm.framework.runner.JunitRunner
-------------------------------------------------------------------------------
Tests run: 1, Failures: 0, Errors: 1, Skipped: 0, Time elapsed: 0.002 s <<< FAILURE! -- in fm.framework.runner.JunitRunner
fm.framework.runner.JunitRunner -- Time elapsed: 0.002 s <<< ERROR!
org.junit.platform.suite.engine.NoTestsDiscoveredException: Suite [fm.framework.runner.JunitRunner] did not discover any tests

